<?xml version="1.0" encoding="UTF-8"?>
<testng-results ignored="0" total="1" passed="1" failed="0" skipped="0">
  <reporter-output>
    <line>
      <![CDATA[Item added to bag, passed]]>
    </line>
  </reporter-output>
  <suite started-at="2024-06-30T13:30:12 IST" name="Default suite" finished-at="2024-06-30T13:31:01 IST" duration-ms="48300">
    <groups>
    </groups>
    <test started-at="2024-06-30T13:30:12 IST" name="Default test" finished-at="2024-06-30T13:31:01 IST" duration-ms="48300">
      <class name="testCase_Integration.AddToCartTest">
        <test-method is-config="true" signature="configBs()[pri:0, instance:testCase_Integration.AddToCartTest@3bf7ca37]" started-at="2024-06-30T13:30:06 IST" name="configBs" finished-at="2024-06-30T13:30:12 IST" duration-ms="5966" status="PASS">
          <reporter-output>
          </reporter-output>
        </test-method> <!-- configBs -->
        <test-method is-config="true" signature="configBc()[pri:0, instance:testCase_Integration.AddToCartTest@3bf7ca37]" started-at="2024-06-30T13:30:12 IST" name="configBc" finished-at="2024-06-30T13:30:22 IST" duration-ms="9460" status="PASS">
          <reporter-output>
          </reporter-output>
        </test-method> <!-- configBc -->
        <test-method signature="verifyAddTocart()[pri:0, instance:testCase_Integration.AddToCartTest@3bf7ca37]" started-at="2024-06-30T13:30:22 IST" name="verifyAddTocart" finished-at="2024-06-30T13:31:00 IST" duration-ms="38120" status="PASS">
          <reporter-output>
            <line>
              <![CDATA[Item added to bag, passed]]>
            </line>
          </reporter-output>
        </test-method> <!-- verifyAddTocart -->
        <test-method is-config="true" signature="configAc()[pri:0, instance:testCase_Integration.AddToCartTest@3bf7ca37]" started-at="2024-06-30T13:31:00 IST" name="configAc" finished-at="2024-06-30T13:31:01 IST" duration-ms="648" status="PASS">
          <reporter-output>
          </reporter-output>
        </test-method> <!-- configAc -->
        <test-method is-config="true" signature="configAs()[pri:0, instance:testCase_Integration.AddToCartTest@3bf7ca37]" started-at="2024-06-30T13:31:01 IST" name="configAs" finished-at="2024-06-30T13:31:01 IST" duration-ms="61" status="PASS">
          <reporter-output>
          </reporter-output>
        </test-method> <!-- configAs -->
      </class> <!-- testCase_Integration.AddToCartTest -->
    </test> <!-- Default test -->
  </suite> <!-- Default suite -->
</testng-results>
